<?xml version="1.0" encoding="UTF-8"?>
<!-- Generated by org.testng.reporters.JUnitReportReporter -->
<testsuite hostname="AIPL5997LT17468" failures="0" tests="5" name="com.petstore.tests.PetstoreTest" time="15.760" errors="0" timestamp="2024-12-04T11:44:52 IST" skipped="0">
  <testcase classname="com.petstore.tests.PetstoreTest" name="createPetTest" time="7.303"/>
  <system-out/>
  <testcase classname="com.petstore.tests.PetstoreTest" name="getPetByIdTest" time="1.634"/>
  <system-out/>
  <testcase classname="com.petstore.tests.PetstoreTest" name="updatePetTest" time="1.583"/>
  <system-out/>
  <testcase classname="com.petstore.tests.PetstoreTest" name="deletePetTest" time="3.180"/>
  <system-out/>
  <testcase classname="com.petstore.tests.PetstoreTest" name="findPetsByStatusTest" time="2.060"/>
  <system-out/>
</testsuite> <!-- com.petstore.tests.PetstoreTest -->
