<?xml version="1.0" encoding="UTF-8"?>
<!-- Generated by org.testng.reporters.JUnitReportReporter -->
<testsuite hostname="AIPL5997LT17468" failures="0" tests="5" name="com.petstore.tests.PetstoreTestNG" time="10.312" errors="0" timestamp="2024-12-04T11:44:52 IST" skipped="0">
  <testcase classname="com.petstore.tests.PetstoreTestNG" name="createPetTest" time="3.328"/>
  <system-out/>
  <testcase classname="com.petstore.tests.PetstoreTestNG" name="getPetTest" time="1.644"/>
  <system-out/>
  <testcase classname="com.petstore.tests.PetstoreTestNG" name="updatePetTest" time="1.760"/>
  <system-out/>
  <testcase classname="com.petstore.tests.PetstoreTestNG" name="deletePetTest" time="1.532"/>
  <system-out/>
  <testcase classname="com.petstore.tests.PetstoreTestNG" name="findPetsByStatusTest" time="2.048"/>
  <system-out/>
</testsuite> <!-- com.petstore.tests.PetstoreTestNG -->
